FastTree Version 2.1.10 Double precision (No SSE3), OpenMP (64 threads)
Alignment: /tmp/gtdbtk_iaxlk0wd/gtdbtk.bac120.user_msa.fasta
Amino acid distances: BLOSUM45 Joins: balanced Support: SH-like 1000
Search: Normal +NNI +SPR (2 rounds range 10) +ML-NNI opt-each=1
TopHits: 1.00*sqrtN close=default refresh=0.80
ML Model: Whelan-And-Goldman, CAT approximation with 20 rate categories
Ignored unknown character X (seen 484 times)
      0.12 seconds: Checking top hits for      1 of    222 seqs
      1.56 seconds: Joined    100 of    219
      2.98 seconds: Joined    200 of    219
Initial topology in 3.19 seconds
Refining topology: 31 rounds ME-NNIs, 2 rounds ME-SPRs, 16 rounds ML-NNIs
      3.19 seconds: ME NNI round 1 of 31, 1 of 220 splits
      3.53 seconds: ME NNI round 1 of 31, 101 of 220 splits, 15 changes (max delta 0.047)
      3.66 seconds: ME NNI round 1 of 31, 201 of 220 splits, 28 changes (max delta 0.047)
      3.81 seconds: ME NNI round 2 of 31, 101 of 220 splits, 7 changes (max delta 0.014)
      3.92 seconds: ME NNI round 2 of 31, 201 of 220 splits, 16 changes (max delta 0.025)
      4.08 seconds: ME NNI round 3 of 31, 101 of 220 splits, 6 changes (max delta 0.004)
      4.21 seconds: ME NNI round 5 of 31, 1 of 220 splits
      5.85 seconds: SPR round   1 of   2, 101 of 442 nodes
      8.04 seconds: SPR round   1 of   2, 201 of 442 nodes
     10.16 seconds: SPR round   1 of   2, 301 of 442 nodes
     11.77 seconds: SPR round   1 of   2, 401 of 442 nodes
     12.28 seconds: ME NNI round 11 of 31, 1 of 220 splits
     12.40 seconds: ME NNI round 11 of 31, 101 of 220 splits, 0 changes
     12.52 seconds: ME NNI round 11 of 31, 201 of 220 splits, 0 changes
     13.96 seconds: SPR round   2 of   2, 101 of 442 nodes
     16.03 seconds: SPR round   2 of   2, 201 of 442 nodes
     18.16 seconds: SPR round   2 of   2, 301 of 442 nodes
     19.82 seconds: SPR round   2 of   2, 401 of 442 nodes
     20.33 seconds: ME NNI round 21 of 31, 1 of 220 splits
     20.46 seconds: ME NNI round 21 of 31, 101 of 220 splits, 0 changes
     20.57 seconds: ME NNI round 21 of 31, 201 of 220 splits, 0 changes
Total branch-length 13.101 after 20.93 sec
     20.95 seconds: ML Lengths 1 of 220 splits
     25.07 seconds: ML Lengths 101 of 220 splits
     29.07 seconds: ML Lengths 201 of 220 splits
     29.84 seconds: ML NNI round 1 of 16, 1 of 220 splits
     38.74 seconds: ML NNI round 1 of 16, 101 of 220 splits, 14 changes (max delta 77.816)
     47.24 seconds: ML NNI round 1 of 16, 201 of 220 splits, 26 changes (max delta 77.816)
ML-NNI round 1: LogLk = -380453.557 NNIs 30 max delta 77.82 Time 49.33
     50.20 seconds: Site likelihoods with rate category 1 of 20
     51.02 seconds: Site likelihoods with rate category 2 of 20
     51.78 seconds: Site likelihoods with rate category 3 of 20
     52.68 seconds: Site likelihoods with rate category 4 of 20
     53.50 seconds: Site likelihoods with rate category 5 of 20
     54.32 seconds: Site likelihoods with rate category 6 of 20
     55.18 seconds: Site likelihoods with rate category 7 of 20
     56.00 seconds: Site likelihoods with rate category 8 of 20
     56.82 seconds: Site likelihoods with rate category 9 of 20
     57.63 seconds: Site likelihoods with rate category 10 of 20
     58.45 seconds: Site likelihoods with rate category 11 of 20
     59.26 seconds: Site likelihoods with rate category 12 of 20
     59.98 seconds: Site likelihoods with rate category 13 of 20
     60.80 seconds: Site likelihoods with rate category 14 of 20
     61.62 seconds: Site likelihoods with rate category 15 of 20
     62.44 seconds: Site likelihoods with rate category 16 of 20
     63.27 seconds: Site likelihoods with rate category 17 of 20
     64.10 seconds: Site likelihoods with rate category 18 of 20
     64.92 seconds: Site likelihoods with rate category 19 of 20
     65.74 seconds: Site likelihoods with rate category 20 of 20
Switched to using 20 rate categories (CAT approximation)
Rate categories were divided by 1.022 so that average rate = 1.0
CAT-based log-likelihoods may not be comparable across runs
Use -gamma for approximate but comparable Gamma(20) log-likelihoods
     67.28 seconds: ML NNI round 2 of 16, 1 of 220 splits
     75.77 seconds: ML NNI round 2 of 16, 101 of 220 splits, 4 changes (max delta 5.926)
     84.77 seconds: ML NNI round 2 of 16, 201 of 220 splits, 13 changes (max delta 14.313)
ML-NNI round 2: LogLk = -348073.564 NNIs 15 max delta 14.31 Time 86.91
     86.91 seconds: ML NNI round 3 of 16, 1 of 220 splits
     97.41 seconds: ML NNI round 3 of 16, 101 of 220 splits, 7 changes (max delta 8.733)
ML-NNI round 3: LogLk = -348040.165 NNIs 9 max delta 8.73 Time 99.52
     99.51 seconds: ML NNI round 4 of 16, 1 of 220 splits
ML-NNI round 4: LogLk = -348036.552 NNIs 3 max delta 0.41 Time 106.44
    106.44 seconds: ML NNI round 5 of 16, 1 of 220 splits
ML-NNI round 5: LogLk = -348036.358 NNIs 2 max delta 0.00 Time 109.88
Turning off heuristics for final round of ML NNIs (converged)
    109.88 seconds: ML NNI round 6 of 16, 1 of 220 splits
    118.76 seconds: ML NNI round 6 of 16, 101 of 220 splits, 0 changes
    127.65 seconds: ML NNI round 6 of 16, 201 of 220 splits, 1 changes (max delta 0.000)
ML-NNI round 6: LogLk = -348034.325 NNIs 1 max delta 0.00 Time 129.37 (final)
    129.36 seconds: ML Lengths 1 of 220 splits
    133.15 seconds: ML Lengths 101 of 220 splits
    136.76 seconds: ML Lengths 201 of 220 splits
Optimize all lengths: LogLk = -348034.243 Time 137.50
    147.29 seconds: ML split tests for    100 of    219 internal splits
    157.24 seconds: ML split tests for    200 of    219 internal splits
Total time: 159.05 seconds Unique: 222/226 Bad splits: 0/219
