IQ-TREE multicore version 2.1.4-beta COVID-edition for Linux 64-bit built Jun 24 2021
Developed by Bui Quang Minh, James Barbetti, Nguyen Lam Tung,
Olga Chernomor, Heiko Schmidt, Dominik Schrempf, Michael Woodhams.

Host:    ylifc (AVX, FMA3, 566 GB RAM)
Command: iqtree -s reformated_merged.fa -spp cfg.txt.best_scheme.nex -bb 1000 -nt AUTO
Seed:    630716 (Using SPRNG - Scalable Parallel Random Number Generator)
Time:    Fri Feb 17 00:18:12 2023
Kernel:  AVX+FMA - auto-detect threads (64 CPU cores detected)

Reading partition model file cfg.txt.best_scheme.nex ...
Reading alignment file reformated_merged.fa ... Fasta format detected
Alignment most likely contains DNA/RNA sequences
Alignment has 214 sequences with 23046 columns, 17872 distinct patterns
17913 parsimony-informative, 1235 singleton sites, 3898 constant sites
                                                                  Gap/Ambiguity  Composition  p-value
   1  110_maxbin.013                                                      0.03%    failed      0.00%
   2  1G10                                                                0.02%    failed      0.00%
   3  2529_maxbin_009                                                     0.01%    failed      0.00%
   4  5163_concoct_5                                                      0.01%    failed      0.00%
   5  794_concoct_22                                                      0.01%    failed      0.00%
   6  AG-670-A05                                                         12.05%    failed      0.00%
   7  AG-670-B23                                                          0.04%    failed      0.00%
   8  AG-670-F22                                                          0.01%    failed      0.00%
   9  AG-673-F03                                                          2.84%    failed      0.00%
  10  AG-676-C06                                                          0.01%    failed      0.00%
  11  AG-676-E23                                                          0.01%    failed      0.00%
  12  AG-679-B05                                                         14.79%    failed      0.00%
  13  AG-679-C18                                                          6.46%    failed      0.00%
  14  AG-683-C23                                                          8.94%    failed      0.09%
  15  AG-686-B21                                                          0.98%    failed      0.00%
  16  AT04_1000_metabat_3                                                 3.10%    failed      0.31%
  17  AT04_1000m_8Ar_concoct_12_remove                                   27.55%    passed     39.02%
  18  AT04_1000m_8Ar_concoct_13_remove                                    3.10%    failed      0.26%
  19  Acaryochloris_marina_MBIC11017                                      0.44%    failed      0.00%
  20  Arthrospira_platensis_NIES-39                                       0.20%    failed      0.00%
  21  B08_0_metabat_1_remove                                             21.22%    failed      0.00%
  22  B08_0_metabat_3                                                     0.01%    failed      0.10%
  23  B08_0m_8Ar_concoct_bin16_remove                                     1.34%    failed      0.00%
  24  B08_1000_metabat_1                                                  0.01%    failed      0.13%
  25  B08_1000_metabat_2_remove                                          21.01%    failed      0.00%
  26  BB08_1000_concoct_3_remove                                         32.00%    failed      0.02%
  27  BB08_1000_maxbin_5_remove                                          28.29%    failed      0.00%
  28  BL107                                                               0.01%    failed      1.37%
  29  BS55D                                                               0.01%    failed      0.00%
  30  BS56D                                                               0.01%    failed      0.00%
  31  CB0101                                                              0.01%    failed      0.00%
  32  CB0205                                                              0.01%    failed      0.00%
  33  CC9311                                                              0.01%    failed      0.00%
  34  CC9605                                                              0.01%    failed      0.00%
  35  CC9616                                                              0.01%    failed      0.00%
  36  CC9902                                                              0.01%    failed      0.06%
  37  Caenarcanum_bioreactoricola_isolate_UASB_169                        4.24%    failed      0.00%
  38  Calothrix_sp._336.3                                                 0.17%    failed      0.00%
  39  Calothrix_sp._PCC_6303                                              0.23%    failed      0.00%
  40  Calothrix_sp._PCC_7103                                              0.50%    failed      0.00%
  41  Candidatus_Atelocyanobacterium_thalassa_isolate_ALOHA               3.20%    failed      0.00%
  42  Chlorogloeopsis_fritschii_PCC_6912                                  0.25%    failed      0.00%
  43  Chroogloeocystis_siderophila_5.2_s.c.1                              1.07%    failed      0.00%
  44  Coleofasciculus_chthonoplastes_PCC_7420                             1.54%    failed      0.00%
  45  Crinalium_epipsammum_PCC_9333                                       0.39%    failed      0.00%
  46  Crocosphaera_watsonii_WH_8501                                       7.19%    failed      0.00%
  47  Cyanobacteria_Melainabacteria_group_bacterium_GL2-53_LSPB_72       15.42%    failed      0.00%
  48  Cyanobacteria_Melainabacteria_group_bacterium_S15B-MN24_RAAC_196   15.87%    failed      0.00%
  49  Cyanothece_sp._ATCC_51142                                           3.44%    failed      0.00%
  50  Cyanothece_sp._PCC_7424                                             0.42%    failed      0.00%
  51  Cyanothece_sp._PCC_7822                                             0.39%    failed      0.00%
  52  Cyanothece_sp._PCC_8801                                             0.60%    failed      0.00%
  53  Dactylococcopsis_salina_PCC_8305                                    0.52%    failed      0.00%
  54  EAC657                                                              2.61%    failed      0.00%
  55  EIO01_concoct_5                                                    25.90%    failed      0.00%
  56  ERR3589582_maxbin_7_remove                                         23.34%    failed      0.00%
  57  ERR3589582_metabat_1                                               28.04%    failed      0.00%
  58  ERR3589583_concoct_19_remove                                        0.57%    failed      0.22%
  59  ERR3589583_maxbin_8_remove                                         24.49%    passed      7.50%
  60  ERR3589583_metabat_1_remove                                         0.03%    failed      0.65%
  61  ERR3589591_concoct_17_remove                                       21.68%    failed      0.09%
  62  ERR3589591_concoct_8_remove                                        12.20%    failed      0.01%
  63  ERR599078_concoct_11_remove                                         0.85%    failed      0.00%
  64  ERR599078_maxbin_7_remove                                          23.33%    failed      0.00%
  65  ERR599078_metabat_2_remove                                         16.89%    failed      0.89%
  66  Fischerella_sp._PCC_9605                                            0.14%    failed      0.00%
  67  GEYO                                                                0.01%    failed      0.00%
  68  Gastranaerophilales_bacterium_strain_UMGS1517                       4.84%    failed      0.00%
  69  Geminocystis_herdmanii_PCC_6308                                     0.86%    failed      0.00%
  70  Gloeocapsa_sp._PCC_73106                                            0.53%    failed      0.00%
  71  Halothece_sp._PCC_7418                                              0.69%    failed      0.00%
  72  KORDI-100                                                           0.01%    failed      0.00%
  73  KORDI-49                                                            0.02%    failed      0.00%
  74  KORDI-52                                                            0.01%    failed      0.00%
  75  Leptolyngbya_sp._PCC_7376                                           0.68%    failed      0.00%
  76  Leptolyngbya_valderiana_BDU_20041                                   0.53%    failed      0.00%
  77  Lyngbya_aestuarii_BL_J_laest3                                       0.20%    failed      0.00%
  78  MED-G135                                                            0.01%    failed      0.00%
  79  MED-G67                                                             0.06%    failed      0.00%
  80  MED-G68                                                             0.01%    failed      0.00%
  81  MED-G69                                                             0.01%    failed      0.47%
  82  MED-G70                                                             0.64%    failed      0.00%
  83  MED-G71                                                             0.22%    failed      0.00%
  84  MED850                                                              0.56%    failed      0.00%
  85  MITS9504                                                            0.01%    failed      0.00%
  86  MITS9508                                                            0.01%    failed      0.00%
  87  MITS9509                                                            0.01%    failed      0.00%
  88  MIT_S9220                                                           0.01%    failed      0.00%
  89  MW101C3                                                             0.02%    failed      0.00%
  90  Mastigocladus_laminosus_UU774                                       9.93%    failed      0.00%
  91  Mastigocoleus_testarum_BC008_Contig-1                               0.41%    failed      0.00%
  92  Melainabacteria_bacterium_SSGW_16                                   4.82%    failed      0.00%
  93  Microcoleus_sp._PCC_7113                                            0.22%    failed      0.00%
  94  Minos11                                                             0.06%    failed      0.00%
  95  Moorea_producens_JHB                                                0.46%    failed      0.00%
  96  Myxosarcina_sp._GI1_contig_0                                        0.48%    failed      0.00%
  97  N19                                                                 0.01%    failed      0.00%
  98  N26                                                                 0.01%    failed      0.00%
  99  N32                                                                 0.01%    failed      0.00%
 100  N5                                                                  0.01%    failed      0.00%
 101  NAT249                                                              2.83%    failed      0.00%
 102  NAT40                                                               0.70%    failed      0.00%
 103  NP17                                                                0.27%    failed      0.00%
 104  NPC_concoct_250                                                     0.01%    failed      0.00%
 105  Nodularia_spumigena_CCY9414                                         0.20%    failed      0.00%
 106  Nostoc_sp_PCC_7107                                                  0.20%    failed      0.00%
 107  Nostoc_sp_PCC_7120                                                  1.15%    failed      0.00%
 108  Nostoc_sp_PCC_7524                                                  0.20%    failed      0.00%
 109  Obscuribacter_phosphatis_isolate_EBPR_351                           5.02%    failed      0.00%
 110  Oscillatoria_acuminata_PCC_6304                                     0.28%    failed      0.00%
 111  Oscillatoria_nigro-viridis_PCC_7112                                 0.29%    failed      0.00%
 112  Oscillatoria_sp._PCC_10802                                          1.55%    failed      0.00%
 113  P06_0m_8Ar_concoct_9_remove                                        18.62%    passed     62.14%
 114  P06_300m_8Ar_maxbin_2_remove                                       27.15%    failed      0.00%
 115  PM7_concoct_20                                                      0.01%    failed      0.00%
 116  Planktothricoides_sp._SR001                                         0.48%    failed      0.00%
 117  Planktothrix_agardhii_NIVA-CYA_126.8                                0.19%    failed      0.00%
 118  Pleurocapsa_sp._PCC_7319                                            0.59%    failed      0.00%
 119  Pleurocapsa_sp._PCC_7327                                            0.41%    failed      0.00%
 120  Pseudanabaena_biceps_PCC_7429                                       0.19%    failed      0.00%
 121  Pseudanabaena_sp._PCC_6802                                          0.18%    failed      0.00%
 122  RCC307                                                              2.17%    failed      0.00%
 123  REDSEA-S01_B1                                                       0.01%    failed      0.00%
 124  REDSEA-S02_B4                                                       0.08%    failed      0.00%
 125  RS344                                                               0.63%    failed      0.00%
 126  RS9915                                                              0.01%    failed      0.00%
 127  RS9916                                                              0.01%    failed      0.00%
 128  RS9917                                                              0.01%    failed      0.00%
 129  Richelia_intracellularis_HH01                                       0.40%    failed      0.00%
 130  Rivularia_sp._PCC_7116                                              0.40%    failed      0.00%
 131  Rubidibacter_lacunae_KORDI_51-2                                     3.39%    failed      0.00%
 132  S20_concoct_291                                                     0.02%    failed      0.00%
 133  S22_maxbin_021                                                      0.55%    failed      0.00%
 134  S2428_maxbin_12                                                     0.12%    failed      0.00%
 135  S24_maxbin_4                                                        0.03%    failed      0.00%
 136  S26_concoct_150                                                     0.01%    failed      0.00%
 137  S527_concoct_4                                                      0.01%    failed      0.00%
 138  S559_concoct_18                                                     0.01%    failed      0.00%
 139  SG_concoct_52                                                      24.86%    failed      0.00%
 140  SM01                                                                4.82%    failed      0.00%
 141  SM02_metabat_51                                                    13.69%    failed      0.00%
 142  SM03_metabat_2                                                      8.58%    failed      0.00%
 143  SM03_remove2                                                       18.35%    failed      0.00%
 144  SM04_concoct_15                                                    19.47%    failed      0.00%
 145  SS_concoct_57                                                      27.97%    failed      0.00%
 146  Scytonema_hofmanni_UTEX_2349                                        0.25%    failed      0.00%
 147  Scytonema_tolypothrichoides_VB-61278                                0.14%    failed      0.00%
 148  Stanieria_cyanosphaera_PCC_7437                                     0.36%    failed      0.00%
 149  SynAce01                                                            0.01%    failed      0.00%
 150  Synechococcus_elongatus_PCC_6301                                    0.28%    failed      0.33%
 151  Synechococcus_sp_JA-2-3B_a_2-13_                                    2.30%    failed      0.00%
 152  Synechococcus_sp_JA-3-3Ab                                           2.33%    failed      0.00%
 153  Synechococcus_sp_PCC_6312                                           0.32%    failed      0.00%
 154  Synechococcus_sp_PCC_7336                                           0.63%    failed      3.20%
 155  Synechococcus_sp_PCC_7502                                           0.26%    failed      0.00%
 156  TMED155                                                             1.35%    failed      0.00%
 157  TMED19                                                              0.27%    failed      0.00%
 158  TMED20                                                              0.93%    failed      0.00%
 159  TMED90                                                              3.27%    failed      0.00%
 160  Thermosynechococcus_elongatus_BP-1                                  0.27%    failed      0.43%
 161  Tolypothrix_bouteillei_VB521301                                     0.17%    failed      0.00%
 162  Trichodesmium_erythraeum_IMS101                                     2.66%    failed      0.00%
 163  UBA1269                                                            21.74%    failed      0.00%
 164  UBA1528                                                             8.19%    failed      0.00%
 165  UBA3999                                                            19.37%    failed      0.00%
 166  UBA6965                                                            23.41%    failed      0.00%
 167  UBA7448                                                            27.60%    failed      0.24%
 168  UBA7854                                                             6.84%    failed      0.00%
 169  UBA9887                                                            32.98%    failed      0.00%
 170  ULC065bin1                                                          0.02%    failed      0.00%
 171  ULC082bin1                                                          0.01%    failed      0.00%
 172  ULC084bin3                                                          0.01%    failed      0.00%
 173  UW023_8Ar_concoct_2                                                 4.46%    failed      0.00%
 174  UW023_8Ar_metabat_1                                                 4.46%    failed      0.00%
 175  UW023_maxbin_5                                                      4.46%    failed      0.00%
 176  UW024_9Ar_concoct_4                                                17.85%    failed      0.48%
 177  UW024_9Ar_metabat_1                                                29.43%    failed      1.43%
 178  UW024_maxbin_2_remove                                              26.09%    failed      3.69%
 179  UW105                                                               0.01%    failed      0.00%
 180  UW106                                                               0.01%    failed      0.00%
 181  UW140                                                               0.01%    failed      0.00%
 182  UW179A                                                              0.01%    failed      0.00%
 183  UW179B                                                              0.01%    failed      0.00%
 184  UW69                                                                0.01%    failed      0.00%
 185  UW86                                                                0.01%    failed      0.00%
 186  Vampirovibrio_chlorellavorus_strain_Vc_AZ_2                         3.75%    failed      0.00%
 187  WH5701                                                              0.02%    failed      0.00%
 188  WH7803                                                              0.01%    failed      0.00%
 189  WH7805                                                              0.01%    failed      0.00%
 190  WH8020                                                              0.04%    failed      0.00%
 191  WH8101                                                              0.01%    failed      0.00%
 192  WH8102                                                              0.01%    failed      0.00%
 193  WH8103                                                              0.01%    failed      0.00%
 194  WH8106                                                              0.01%    failed      0.04%
 195  WH8109                                                              0.39%    failed      0.00%
 196  XM-24                                                               0.01%    failed      0.00%
 197  Xenococcus_sp_PCC_7305                                              0.59%    failed      0.00%
 198  YH01_metabat_14                                                     0.01%    failed      0.00%
 199  YX04-3                                                              0.01%    failed      0.00%
 200  con_52_13                                                           0.01%    failed      0.00%
 201  con_55_8                                                            0.01%    failed      0.00%
 202  con_56_24                                                           0.01%    failed      0.00%
 203  con_57_38                                                           0.01%    failed      0.00%
 204  con_58_9                                                            0.01%    failed      0.00%
 205  con_59_25                                                           0.01%    failed      0.00%
 206  con_60_46                                                           0.01%    failed      0.00%
 207  con_61_50                                                           0.01%    failed      0.00%
 208  con_62_3                                                            0.01%    failed      0.00%
 209  con_63_44                                                           0.01%    failed      0.00%
 210  con_64_28                                                           0.01%    failed      0.00%
 211  con_65_9                                                            0.01%    failed      0.00%
 212  maxbin_45.003                                                       0.01%    failed      0.00%
 213  maxbin_54.002                                                       0.01%    failed      0.00%
 214  metabat_62_bins.13                                                 15.53%    failed      0.00%
****  TOTAL                                                               4.19%  211 sequences failed composition chi2 test (p-value<5%; df=3)

Loading 7 partitions...
Subset	Type	Seqs	Sites	Infor	Invar	Model	Name
1		214	5005	3937	842	UNREST+FO+I+G4	part1_part13_part18_part19
2		214	3801	2446	1181	UNREST+FO+I+G4	part2_part3_part7
3		214	3834	2756	715	UNREST+FO+I+G4	part4_part9_part10_part11_part12_part14_part15
4		214	4864	3747	893	UNREST+FO+I+G4	part5_part8_part17
5		214	3266	3121	46	UNREST+FO+I+G4	part6
6		214	1224	968	158	UNREST+FO+I+G4	part16
7		214	1052	938	63	UNREST+FO+I+G4	part20
Degree of missing data: 0.000
Info: multi-threading strategy over partitions

NOTE: UW023_8Ar_metabat_1 is identical to UW023_8Ar_concoct_2 but kept for subsequent analysis
NOTE: con_52_13 is identical to XM-24 but kept for subsequent analysis
NOTE: con_55_8 is identical to YX04-3 but kept for subsequent analysis
NOTE: con_65_9 is identical to con_64_28 but kept for subsequent analysis
NOTE: 2 identical sequences (see below) will be ignored for subsequent analysis
NOTE: UW023_maxbin_5 (identical to UW023_8Ar_concoct_2) is ignored but added at the end
NOTE: con_59_25 (identical to YX04-3) is ignored but added at the end
Alignment was printed to cfg.txt.best_scheme.nex.uniqueseq.phy

For your convenience alignment with unique sequences printed to cfg.txt.best_scheme.nex.uniqueseq.phy

Create initial parsimony tree by phylogenetic likelihood library (PLL)... 1.691 seconds
Generating 1000 samples for ultrafast bootstrap (seed: 630716)...

NOTE: 564 MB RAM (0 GB) is required!
Measuring multi-threading efficiency up to 64 CPU cores
Increase to 10 rounds for branch lengths
2 trees examined
Threads: 1 / Time: 78.567 sec / Speedup: 1.000 / Efficiency: 100% / LogL: -2577748
Threads: 2 / Time: 48.543 sec / Speedup: 1.618 / Efficiency: 81% / LogL: -2577748
Threads: 3 / Time: 36.736 sec / Speedup: 2.139 / Efficiency: 71% / LogL: -2577748
Threads: 4 / Time: 33.723 sec / Speedup: 2.330 / Efficiency: 58% / LogL: -2577748
Threads: 5 / Time: 30.136 sec / Speedup: 2.607 / Efficiency: 52% / LogL: -2577748
Threads: 6 / Time: 29.533 sec / Speedup: 2.660 / Efficiency: 44% / LogL: -2577748
BEST NUMBER OF THREADS: 5

Estimate model parameters (epsilon = 0.100)
Initial log-likelihood: -1542247.699
Current log-likelihood at step 1: -1484951.361
Current log-likelihood at step 2: -1482403.947
Current log-likelihood at step 3: -1482189.914
Current log-likelihood at step 4: -1482179.804
Current log-likelihood at step 5: -1482178.876
Current log-likelihood at step 6: -1482178.388
Current log-likelihood at step 7: -1482178.038
Current log-likelihood at step 8: -1482177.897
Current log-likelihood at step 9: -1482177.780
Current log-likelihood at step 10: -1482177.677
Current log-likelihood at step 11: -1482177.578
Partition-specific rates:  1.015 0.831 0.757 1.036 1.308 1.088 1.202
Parameters optimization took 10 rounds (128.643 sec)

Computing ML distances based on estimated model parameters...
Computing ML distances took 1.583735 sec (of wall-clock time) 7.305864 sec(of CPU time)
Computing RapidNJ tree took 0.221049 sec (of wall-clock time) 0.468356 sec (of CPU time)
Log-likelihood of RapidNJ tree: -2209973.669
--------------------------------------------------------------------
|             INITIALIZING CANDIDATE TREE SET                      |
--------------------------------------------------------------------
Generating 98 parsimony trees... 155.441 second
Computing log-likelihood of 98 initial trees ... 191.285 seconds
Current best score: -1482177.578

Do NNI search on 20 best initial trees
Estimate model parameters (epsilon = 0.100)
Initial log-likelihood: -1480560.856
Current log-likelihood at step 1: -1480545.201
Current log-likelihood at step 2: -1480543.974
Current log-likelihood at step 3: -1480543.714
Current log-likelihood at step 4: -1480543.537
Current log-likelihood at step 5: -1480543.386
Current log-likelihood at step 6: -1480543.247
Current log-likelihood at step 7: -1480543.114
Current log-likelihood at step 8: -1480542.988
Current log-likelihood at step 9: -1480542.867
Current log-likelihood at step 10: -1480542.748
Current log-likelihood at step 11: -1480542.632
Current log-likelihood at step 12: -1480542.519
Current log-likelihood at step 13: -1480542.400
Current log-likelihood at step 14: -1480542.290
Current log-likelihood at step 15: -1480542.172
Current log-likelihood at step 16: -1480542.062
Current log-likelihood at step 17: -1480541.964
Parameters optimization took 16 rounds (100.212 sec)

BETTER TREE FOUND at iteration 1: -1480541.964
Estimate model parameters (epsilon = 0.100)
Initial log-likelihood: -1478198.628
Current log-likelihood at step 1: -1478138.499
Current log-likelihood at step 2: -1478134.667
Current log-likelihood at step 3: -1478134.256
Current log-likelihood at step 4: -1478134.041
Current log-likelihood at step 5: -1478133.875
Current log-likelihood at step 6: -1478133.731
Current log-likelihood at step 7: -1478133.609
Current log-likelihood at step 8: -1478133.503
Current log-likelihood at step 9: -1478133.390
Current log-likelihood at step 10: -1478133.288
Current log-likelihood at step 11: -1478133.185
Current log-likelihood at step 12: -1478133.091
Parameters optimization took 11 rounds (80.524 sec)

BETTER TREE FOUND at iteration 2: -1478133.091
Iteration 10 / LogL: -1479156.812 / Time: 0h:23m:58s
Iteration 20 / LogL: -1479543.430 / Time: 0h:32m:22s
Finish initializing candidate tree set (20)
Current best tree score: -1478133.091 / CPU time: 1497.952
Number of iterations: 20
--------------------------------------------------------------------
|               OPTIMIZING CANDIDATE TREE SET                      |
--------------------------------------------------------------------
Estimate model parameters (epsilon = 0.100)
Initial log-likelihood: -1477945.551
Current log-likelihood at step 1: -1477939.311
Current log-likelihood at step 2: -1477938.874
Current log-likelihood at step 3: -1477938.755
Current log-likelihood at step 4: -1477938.669
Parameters optimization took 3 rounds (30.733 sec)

BETTER TREE FOUND at iteration 22: -1477938.669
Estimate model parameters (epsilon = 0.100)
Initial log-likelihood: -1477728.868
Current log-likelihood at step 1: -1477724.905
Current log-likelihood at step 2: -1477724.500
Current log-likelihood at step 3: -1477724.358
Current log-likelihood at step 4: -1477724.251
Current log-likelihood at step 5: -1477724.158
Parameters optimization took 4 rounds (30.925 sec)

BETTER TREE FOUND at iteration 27: -1477724.158
Estimate model parameters (epsilon = 0.100)
Initial log-likelihood: -1477710.986
Current log-likelihood at step 1: -1477706.128
Current log-likelihood at step 2: -1477705.667
Current log-likelihood at step 3: -1477705.496
Current log-likelihood at step 4: -1477705.401
Parameters optimization took 3 rounds (24.062 sec)

BETTER TREE FOUND at iteration 30: -1477705.401
Iteration 30 / LogL: -1477705.401 / Time: 0h:40m:57s (2h:21m:9s left)
Estimate model parameters (epsilon = 0.100)
Initial log-likelihood: -1477576.952
Current log-likelihood at step 1: -1477574.952
Current log-likelihood at step 2: -1477574.700
Current log-likelihood at step 3: -1477574.583
Current log-likelihood at step 4: -1477574.498
Parameters optimization took 3 rounds (23.639 sec)

BETTER TREE FOUND at iteration 32: -1477574.498
Estimate model parameters (epsilon = 0.100)
Initial log-likelihood: -1477567.737
Current log-likelihood at step 1: -1477565.701
Current log-likelihood at step 2: -1477565.319
Current log-likelihood at step 3: -1477565.095
Current log-likelihood at step 4: -1477564.958
Current log-likelihood at step 5: -1477564.846
Current log-likelihood at step 6: -1477564.751
Parameters optimization took 5 rounds (32.612 sec)

BETTER TREE FOUND at iteration 40: -1477564.751
Iteration 40 / LogL: -1477564.751 / Time: 0h:48m:52s (2h:5m:13s left)
Estimate model parameters (epsilon = 0.100)
Initial log-likelihood: -1477563.580
Current log-likelihood at step 1: -1477561.698
Current log-likelihood at step 2: -1477561.383
Current log-likelihood at step 3: -1477561.231
Current log-likelihood at step 4: -1477561.136
Parameters optimization took 3 rounds (22.547 sec)

BETTER TREE FOUND at iteration 49: -1477561.136
Iteration 50 / LogL: -1477592.743 / Time: 0h:56m:7s (1h:53m:19s left)
Log-likelihood cutoff on original alignment: -1477762.482
Estimate model parameters (epsilon = 0.100)
Initial log-likelihood: -1477534.107
Current log-likelihood at step 1: -1477532.184
Current log-likelihood at step 2: -1477531.832
Current log-likelihood at step 3: -1477531.658
Current log-likelihood at step 4: -1477531.535
Current log-likelihood at step 5: -1477531.433
Current log-likelihood at step 6: -1477531.342
Parameters optimization took 5 rounds (34.566 sec)

BETTER TREE FOUND at iteration 52: -1477531.342
Iteration 60 / LogL: -1477571.377 / Time: 1h:3m:36s (1h:39m:7s left)
Iteration 70 / LogL: -1478430.322 / Time: 1h:10m:43s (1h:24m:0s left)
Iteration 80 / LogL: -1477626.461 / Time: 1h:17m:42s (1h:10m:47s left)
Estimate model parameters (epsilon = 0.100)
Initial log-likelihood: -1477218.932
Current log-likelihood at step 1: -1477213.428
Current log-likelihood at step 2: -1477213.064
Current log-likelihood at step 3: -1477212.918
Current log-likelihood at step 4: -1477212.823
Parameters optimization took 3 rounds (23.333 sec)

BETTER TREE FOUND at iteration 81: -1477212.823
Iteration 90 / LogL: -1477731.478 / Time: 1h:25m:15s (1h:27m:8s left)
Estimate model parameters (epsilon = 0.100)
Initial log-likelihood: -1477197.194
Current log-likelihood at step 1: -1477195.007
Current log-likelihood at step 2: -1477194.769
Current log-likelihood at step 3: -1477194.703
Parameters optimization took 2 rounds (18.621 sec)

BETTER TREE FOUND at iteration 96: -1477194.703
Iteration 100 / LogL: -1477388.089 / Time: 1h:32m:16s (1h:29m:26s left)
Log-likelihood cutoff on original alignment: -1477574.336
NOTE: Bootstrap correlation coefficient of split occurrence frequencies: 0.755
NOTE: UFBoot does not converge, continue at least 100 more iterations
Iteration 110 / LogL: -1480204.268 / Time: 1h:39m:2s (1h:21m:44s left)
Estimate model parameters (epsilon = 0.100)
Initial log-likelihood: -1477194.378
Current log-likelihood at step 1: -1477192.150
Current log-likelihood at step 2: -1477191.512
Current log-likelihood at step 3: -1477190.770
Current log-likelihood at step 4: -1477189.909
Current log-likelihood at step 5: -1477189.110
Current log-likelihood at step 6: -1477188.368
Current log-likelihood at step 7: -1477187.679
Current log-likelihood at step 8: -1477187.368
Current log-likelihood at step 9: -1477187.349
Parameters optimization took 8 rounds (73.056 sec)

BETTER TREE FOUND at iteration 111: -1477187.349
Iteration 120 / LogL: -1477194.459 / Time: 1h:47m:6s (1h:21m:53s left)
Iteration 130 / LogL: -1477195.598 / Time: 1h:53m:49s (1h:11m:27s left)
Iteration 140 / LogL: -1477472.054 / Time: 2h:0m:19s (1h:1m:26s left)
Iteration 150 / LogL: -1477304.157 / Time: 2h:7m:18s (0h:52m:6s left)
Log-likelihood cutoff on original alignment: -1477574.336
Iteration 160 / LogL: -1479272.645 / Time: 2h:13m:43s (0h:42m:53s left)
Estimate model parameters (epsilon = 0.100)
Initial log-likelihood: -1477160.661
Current log-likelihood at step 1: -1477158.346
Current log-likelihood at step 2: -1477158.045
Current log-likelihood at step 3: -1477157.940
Current log-likelihood at step 4: -1477157.876
Parameters optimization took 3 rounds (23.727 sec)

BETTER TREE FOUND at iteration 170: -1477157.876
Iteration 170 / LogL: -1477157.876 / Time: 2h:20m:52s (1h:23m:20s left)
Estimate model parameters (epsilon = 0.100)
Initial log-likelihood: -1477138.427
Current log-likelihood at step 1: -1477138.206
Current log-likelihood at step 2: -1477138.138
Parameters optimization took 1 rounds (10.682 sec)

BETTER TREE FOUND at iteration 175: -1477138.138
Iteration 180 / LogL: -1477512.367 / Time: 2h:27m:43s (1h:18m:23s left)
Iteration 190 / LogL: -1477141.622 / Time: 2h:34m:23s (1h:9m:25s left)
Iteration 200 / LogL: -1477370.219 / Time: 2h:41m:6s (1h:0m:42s left)
Log-likelihood cutoff on original alignment: -1477497.850
NOTE: Bootstrap correlation coefficient of split occurrence frequencies: 0.946
NOTE: UFBoot does not converge, continue at least 100 more iterations
Iteration 210 / LogL: -1477344.186 / Time: 2h:47m:28s (1h:12m:6s left)
Iteration 220 / LogL: -1477438.960 / Time: 2h:54m:4s (1h:3m:34s left)
Iteration 230 / LogL: -1479383.388 / Time: 3h:0m:43s (0h:55m:14s left)
Iteration 240 / LogL: -1477140.081 / Time: 3h:7m:30s (0h:47m:3s left)
Iteration 250 / LogL: -1477271.829 / Time: 3h:14m:0s (0h:38m:57s left)
Log-likelihood cutoff on original alignment: -1477497.850
Iteration 260 / LogL: -1477332.504 / Time: 3h:20m:33s (0h:30m:58s left)
Iteration 270 / LogL: -1477336.821 / Time: 3h:27m:28s (0h:23m:8s left)
Iteration 280 / LogL: -1479045.543 / Time: 3h:34m:35s (0h:15m:22s left)
Iteration 290 / LogL: -1478004.113 / Time: 3h:41m:27s (0h:7m:39s left)
Iteration 300 / LogL: -1477161.486 / Time: 3h:48m:10s (0h:0m:0s left)
Log-likelihood cutoff on original alignment: -1477497.850
NOTE: Bootstrap correlation coefficient of split occurrence frequencies: 0.953
NOTE: UFBoot does not converge, continue at least 100 more iterations
Iteration 310 / LogL: -1477420.023 / Time: 3h:55m:1s (1h:8m:26s left)
Iteration 320 / LogL: -1477239.539 / Time: 4h:1m:41s (1h:0m:36s left)
Iteration 330 / LogL: -1477205.847 / Time: 4h:8m:38s (0h:52m:53s left)
Iteration 340 / LogL: -1477141.383 / Time: 4h:15m:5s (0h:45m:8s left)
Iteration 350 / LogL: -1477322.089 / Time: 4h:21m:23s (0h:37m:26s left)
Log-likelihood cutoff on original alignment: -1477497.850
Iteration 360 / LogL: -1478502.458 / Time: 4h:28m:4s (0h:29m:51s left)
Iteration 370 / LogL: -1477141.826 / Time: 4h:34m:45s (0h:22m:20s left)
Iteration 380 / LogL: -1480562.913 / Time: 4h:41m:19s (0h:14m:50s left)
Iteration 390 / LogL: -1477138.818 / Time: 4h:48m:3s (0h:7m:24s left)
Iteration 400 / LogL: -1477140.512 / Time: 4h:54m:47s (0h:0m:0s left)
Log-likelihood cutoff on original alignment: -1477497.850
NOTE: Bootstrap correlation coefficient of split occurrence frequencies: 0.996
TREE SEARCH COMPLETED AFTER 400 ITERATIONS / Time: 4h:54m:49s

--------------------------------------------------------------------
|                    FINALIZING TREE SEARCH                        |
--------------------------------------------------------------------
Performs final model parameters optimization
Estimate model parameters (epsilon = 0.010)
Initial log-likelihood: -1477138.138
Current log-likelihood at step 1: -1477138.098
Current log-likelihood at step 2: -1477138.065
Current log-likelihood at step 3: -1477138.040
Current log-likelihood at step 4: -1477138.019
Current log-likelihood at step 5: -1477137.997
Current log-likelihood at step 6: -1477137.977
Current log-likelihood at step 7: -1477137.957
Current log-likelihood at step 8: -1477137.939
Current log-likelihood at step 9: -1477137.919
Current log-likelihood at step 10: -1477137.902
Current log-likelihood at step 11: -1477137.884
Current log-likelihood at step 12: -1477137.867
Current log-likelihood at step 13: -1477137.849
Current log-likelihood at step 14: -1477137.833
Current log-likelihood at step 15: -1477137.817
Current log-likelihood at step 16: -1477137.802
Current log-likelihood at step 17: -1477137.787
Current log-likelihood at step 18: -1477137.773
Current log-likelihood at step 19: -1477137.759
Current log-likelihood at step 20: -1477137.746
Current log-likelihood at step 21: -1477137.732
Current log-likelihood at step 22: -1477137.719
Current log-likelihood at step 23: -1477137.706
Current log-likelihood at step 24: -1477137.694
Current log-likelihood at step 25: -1477137.682
Current log-likelihood at step 26: -1477137.671
Current log-likelihood at step 27: -1477137.659
Current log-likelihood at step 28: -1477137.648
Current log-likelihood at step 29: -1477137.638
Current log-likelihood at step 30: -1477137.627
Current log-likelihood at step 31: -1477137.617
Current log-likelihood at step 32: -1477137.607
Current log-likelihood at step 33: -1477137.596
Current log-likelihood at step 34: -1477137.587
Partition-specific rates:  0.978 0.843 0.775 1.055 1.295 1.059 1.256
Parameters optimization took 33 rounds (190.921 sec)

Partition information was printed to cfg.txt.best_scheme.nex.best_model.nex
BEST SCORE FOUND : -1477137.587
Creating bootstrap support values...
Split supports printed to NEXUS file cfg.txt.best_scheme.nex.splits.nex
Total tree length: 33.578

Total number of iterations: 400
CPU time used for tree search: 83408.616 sec (23h:10m:8s)
Wall-clock time used for tree search: 17244.147 sec (4h:47m:24s)
Total CPU time used: 85824.628 sec (23h:50m:24s)
Total wall-clock time used: 17881.091 sec (4h:58m:1s)
Computing rootstrap supports...
Annotated tree (best viewed in FigTree) written to cfg.txt.best_scheme.nex.rootstrap.nex

Computing bootstrap consensus tree...
Reading input file cfg.txt.best_scheme.nex.splits.nex...
212 taxa and 538 splits.
Consensus tree written to cfg.txt.best_scheme.nex.contree
Reading input trees file cfg.txt.best_scheme.nex.contree
Log-likelihood of consensus tree: -1477137.843

Analysis results written to: 
  IQ-TREE report:                cfg.txt.best_scheme.nex.iqtree
  Maximum-likelihood tree:       cfg.txt.best_scheme.nex.treefile
  Likelihood distances:          cfg.txt.best_scheme.nex.mldist

Ultrafast bootstrap approximation results written to:
  Split support values:          cfg.txt.best_scheme.nex.splits.nex
  Consensus tree:                cfg.txt.best_scheme.nex.contree
  ML tree with rootstrap:        cfg.txt.best_scheme.nex.rootstrap.nex
  Screen log file:               cfg.txt.best_scheme.nex.log

Date and Time: Fri Feb 17 05:17:06 2023
